<?xml version="1.0"?>
<project name="test-it-fail"
         default="run-tests"
         xmlns:nx="urn:nuxeo-build"
         xmlns:artifact="urn:nuxeo-artifact">
  <taskdef resource="org/nuxeo/build/antlib.xml" uri="urn:nuxeo-build" />
  <taskdef resource="org/nuxeo/build/artifact/antlib.xml"
           uri="urn:nuxeo-artifact" />
  <taskdef resource="net/sf/antcontrib/antlib.xml" />

  <target name="run-tests" description="Fail">

    <var name="errors" value="1" />
    <var name="errmsg" value="I'm failing" />
    <propertyregex property="errormessage"
                   override="true"
                   input="${errmsg}"
                   regexp="(.*),"
                   select="\1"
                   defaultValue="${errmsg}" />

    <fail status="${errors}" message="${errormessage}">
      <condition>
        <not>
          <equals arg1="${errors}" arg2="0" />
        </not>
      </condition>
    </fail>

  </target>

</project>
