<?xml version="1.0"?>
<project name="test-it-fail"
         default="run-tests"
         xmlns:nx="urn:nuxeo-build"
         xmlns:artifact="urn:nuxeo-artifact">
  <taskdef resource="org/nuxeo/build/antlib.xml" uri="urn:nuxeo-build" />
  <taskdef resource="org/nuxeo/build/artifact/antlib.xml"
           uri="urn:nuxeo-artifact" />
  <taskdef resource="net/sf/antcontrib/antlib.xml" />

  <target name="run-tests" description="Test Exit">
    <property name="status" value="0" />
    <property name="errStatus" value="1" />
    <property name="exitMsg" value="Expected successful exit" />
    <property name="exitErrMsg" value="Unexpected exit" />
    <property name="failMsg" value="Should already have successfully exited" />

    <nx:exit if="noexit" status="${errStatus}" message="${exitErrMsg}" />

    <nx:exit if="status"
             unless="noexit"
             status="${status}"
             message="${exitMsg}" />

    <fail status="${errStatus}" message="${failMsg}" />
  </target>

</project>
